<?xml version="1.0" encoding="UTF-8"?>
<testng-results ignored="0" total="1" passed="1" failed="0" skipped="0">
  <reporter-output>
  </reporter-output>
  <suite started-at="2019-08-23T02:13:35Z" name="Suite" finished-at="2019-08-23T02:13:55Z" duration-ms="20257">
    <groups>
    </groups>
    <test started-at="2019-08-23T02:13:35Z" name="Test" finished-at="2019-08-23T02:13:55Z" duration-ms="20257">
      <class name="BrowserLaunch">
        <test-method signature="Launch()[pri:0, instance:BrowserLaunch@442675e1]" started-at="2019-08-23T02:13:35Z" name="Launch" finished-at="2019-08-23T02:13:55Z" duration-ms="20223" status="PASS">
          <reporter-output>
          </reporter-output>
        </test-method> <!-- Launch -->
      </class> <!-- BrowserLaunch -->
    </test> <!-- Test -->
  </suite> <!-- Suite -->
</testng-results>
