<?xml version="1.0" encoding="UTF-8"?>
<testng-results ignored="0" total="1" passed="1" failed="0" skipped="0">
  <reporter-output>
  </reporter-output>
  <suite started-at="2019-08-22T04:24:37Z" name="Suite" finished-at="2019-08-22T04:24:49Z" duration-ms="12793">
    <groups>
    </groups>
    <test started-at="2019-08-22T04:24:37Z" name="Test" finished-at="2019-08-22T04:24:49Z" duration-ms="12793">
      <class name="BrowserLaunch">
        <test-method signature="Launch()[pri:0, instance:BrowserLaunch@6f3b5d16]" started-at="2019-08-22T04:24:37Z" name="Launch" finished-at="2019-08-22T04:24:49Z" duration-ms="12757" status="PASS">
          <reporter-output>
          </reporter-output>
        </test-method> <!-- Launch -->
      </class> <!-- BrowserLaunch -->
    </test> <!-- Test -->
  </suite> <!-- Suite -->
</testng-results>
